<?xml version="1.0" encoding="UTF-8"?>
<!-- Generated by org.testng.reporters.JUnitReportReporter -->
<testsuite hostname="QDEV05DALNE001" name="com.mycompany.app.AppTest" tests="1" failures="0" timestamp="8 Apr 2016 13:12:43 GMT" time="0.014" errors="0">
  <testcase name="testApp" time="0.014" classname="com.mycompany.app.AppTest"/>
</testsuite> <!-- com.mycompany.app.AppTest -->
