<?xml version="1.0" encoding="UTF-8"?>
<!-- Generated by org.testng.reporters.JUnitReportReporter -->
<testsuite hostname="QDEV05DALNE001" name="automationFramework.AddLocationTest" tests="1" failures="0" timestamp="8 Apr 2016 23:54:13 GMT" time="9.798" errors="0">
  <testcase name="testAddLocation" time="9.798" classname="automationFramework.AddLocationTest"/>
</testsuite> <!-- automationFramework.AddLocationTest -->
