<?xml version="1.0" encoding="UTF-8"?>
<!-- Generated by org.testng.reporters.JUnitReportReporter -->
<testsuite hostname="QDEV05DALNE001" name="automationFramework.OutOfOrderTest" tests="1" failures="0" timestamp="12 Apr 2016 12:05:50 GMT" time="21.561" errors="0">
  <testcase name="testCreateOutOfOrder" time="21.561" classname="automationFramework.OutOfOrderTest"/>
</testsuite> <!-- automationFramework.OutOfOrderTest -->
