<?xml version="1.0" encoding="UTF-8"?>
<!-- Generated by org.testng.reporters.JUnitReportReporter -->
<testsuite hostname="QDEV05DALNE001" name="automationFramework.AddLocationTest" tests="1" failures="0" timestamp="8 Apr 2016 22:31:33 GMT" time="8.814" errors="0">
  <testcase name="testAddLocation" time="8.814" classname="automationFramework.AddLocationTest"/>
</testsuite> <!-- automationFramework.AddLocationTest -->
