<?xml version="1.0" encoding="UTF-8"?>
<!-- Generated by org.testng.reporters.JUnitReportReporter -->
<testsuite hostname="QDEV05DALNE001" name="com.mycompany.app.AddLocationTest" tests="1" failures="0" timestamp="8 Apr 2016 18:55:11 GMT" time="8.900" errors="0">
  <testcase name="testAddLocation" time="8.900" classname="com.mycompany.app.AddLocationTest"/>
</testsuite> <!-- com.mycompany.app.AddLocationTest -->
