<?xml version="1.0" encoding="UTF-8"?>
<!-- Generated by org.testng.reporters.JUnitReportReporter -->
<testsuite hostname="QDEV05DALNE001" name="automationFramework.AddLocationTest" tests="1" failures="0" timestamp="12 Apr 2016 12:05:50 GMT" time="10.309" errors="0">
  <testcase name="testAddLocation" time="10.309" classname="automationFramework.AddLocationTest"/>
</testsuite> <!-- automationFramework.AddLocationTest -->
