<?xml version="1.0" encoding="UTF-8"?>
<!-- Generated by org.testng.reporters.JUnitReportReporter -->
<testsuite hostname="QDEV05DALNE001" name="com.mycompany.app.AnotherTest" tests="1" failures="0" timestamp="8 Apr 2016 00:20:46 GMT" time="0.001" errors="0">
  <testcase name="f" time="0.001" classname="com.mycompany.app.AnotherTest"/>
</testsuite> <!-- com.mycompany.app.AnotherTest -->
